This is XeTeX, Version 3.14159265-2.6-0.999991 (MiKTeX 2.9.7140 64-bit) (preloaded format=xelatex 2020.4.7)  22 APR 2020 19:42
entering extended mode
**./extrema2.tex
(extrema2.tex
LaTeX2e <2018-12-01>

! LaTeX Error: File `preamble/preamble.tex' not found.

Type X to quit or <RETURN> to proceed,
or enter new name. (Default extension: tex)

Enter file name: 
! Emergency stop.
<read *> 
         
l.1 \input{preamble/preamble.tex}
                                 ^^M
*** (cannot \read from terminal in nonstop modes)

 
Here is how much of TeX's memory you used:
 6 strings out of 427669
 63 string characters out of 3144953
 64241 words of memory out of 3000000
 4157 multiletter control sequences out of 15000+200000
 3640 words of font info for 14 fonts, out of 3000000 for 9000
 1348 hyphenation exceptions out of 8191
 5i,0n,3p,46b,8s stack positions out of 5000i,500n,10000p,200000b,50000s
No pages of output.
