mktexpk --mfmode / --bdpi 600 --mag 1+0/600 --dpi 600 ugmri8a.pfb
mktextfm libertine
mktextfm libertine
mktextfm libertine
mktextfm libertine/BI
mktextfm libertine
mktextfm libertine/B
mktextfm libertine
mktextfm libertine/I
mktextfm libertine
mktextfm libertine
mktextfm libertine
mktextfm lmodern
mktextfm lmodern
mktextfm lmodern
mktextfm lmodern/BI
mktextfm lmodern
mktextfm lmodern/B
mktextfm lmodern
mktextfm lmodern/I
mktextfm lmodern
mktextfm lmodern
mktextfm lmodern
mktextfm lmodern
mktextfm lmodern
mktextfm lmodern
mktextfm lmodern/BI
mktextfm lmodern
mktextfm lmodern/B
mktextfm lmodern
mktextfm lmodern/I
mktextfm lmodern
mktextfm lmodern
mktextfm lmodern
mktextfm cm
mktextfm cm
mktextfm cm
mktextfm cm/BI
mktextfm cm
mktextfm cm/B
mktextfm cm
mktextfm cm/I
mktextfm cm
mktextfm cm
mktextfm cm
